time="2021-07-03T14:25:43+10:00" level=info msg="running podsync" commit=none date=unknown version=dev
time="2021-07-03T14:25:43+10:00" level=info msg="using youtube-dl 2021.04.07\n"
time="2021-07-03T14:25:43+10:00" level=info msg="found ffmpeg: ffmpeg version 4.3.2-0+deb11u1ubuntu1 Copyright (c) 2000-2021 the FFmpeg developers\nbuilt with gcc 10 (Ubuntu 10.2.1-20ubuntu1)\nconfiguration: --prefix=/usr --extra-version=0+deb11u1ubuntu1 --toolchain=hardened --libdir=/usr/lib/x86_64-linux-gnu --incdir=/usr/include/x86_64-linux-gnu --arch=amd64 --enable-gpl --disable-stripping --enable-avresample --disable-filter=resample --enable-gnutls --enable-ladspa --enable-libaom --enable-libass --enable-libbluray --enable-libbs2b --enable-libcaca --enable-libcdio --enable-libcodec2 --enable-libdav1d --enable-libflite --enable-libfontconfig --enable-libfreetype --enable-libfribidi --enable-libgme --enable-libgsm --enable-libjack --enable-libmp3lame --enable-libmysofa --enable-libopenjpeg --enable-libopenmpt --enable-libopus --enable-libpulse --enable-librabbitmq --enable-librsvg --enable-librubberband --enable-libshine --enable-libsnappy --enable-libsoxr --enable-libspeex --enable-libsrt --enable-libssh --enable-libtheora --enable-libtwolame --enable-libvidstab --enable-libvorbis --enable-libvpx --enable-libwavpack --enable-libwebp --enable-libx265 --enable-libxml2 --enable-libxvid --enable-libzmq --enable-libzvbi --enable-lv2 --enable-omx --enable-openal --enable-opencl --enable-opengl --enable-sdl2 --enable-pocketsphinx --enable-libmfx --enable-libdc1394 --enable-libdrm --enable-libiec61883 --enable-nvenc --enable-chromaprint --enable-frei0r --enable-libx264 --enable-shared\nlibavutil      56. 51.100 / 56. 51.100\nlibavcodec     58. 91.100 / 58. 91.100\nlibavformat    58. 45.100 / 58. 45.100\nlibavdevice    58. 10.100 / 58. 10.100\nlibavfilter     7. 85.100 /  7. 85.100\nlibavresample   4.  0.  0 /  4.  0.  0\nlibswscale      5.  7.100 /  5.  7.100\nlibswresample   3.  7.100 /  3.  7.100\nlibpostproc    55.  7.100 / 55.  7.100\n"
time="2021-07-03T14:25:43+10:00" level=info msg="opening database \"/home/benjamin_saljooghi/podracing/podsync/db\""
time="2021-07-03T14:25:43+10:00" level=info msg="All 0 tables opened in 0s\n"
time="2021-07-03T14:25:43+10:00" level=info msg="running listener at :8080"
time="2021-07-03T14:25:43+10:00" level=info msg="-> updating https://www.youtube.com/playlist?list=PL-GhKI5u60wjw-oXhGFEeNfO5w9gb3Yuq" feed_id=sermons format=audio quality=high
time="2021-07-03T14:25:44+10:00" level=info msg="downloading episodes" page_size=50
time="2021-07-03T14:25:44+10:00" level=info msg="download count: 14"
time="2021-07-03T14:25:44+10:00" level=info msg="! downloading episode https://youtube.com/watch?v=3MeJ1SKzq-Y" episode_id=3MeJ1SKzq-Y index=0
time="2021-07-03T14:25:46+10:00" level=error msg="youtube-dl error: /tmp/podsync-242254478/3MeJ1SKzq-Y.%(ext)s" error="failed to execute youtube-dl: exit status 1"
time="2021-07-03T14:25:46+10:00" level=error msg="[youtube] 3MeJ1SKzq-Y: Downloading webpage\nERROR: This video is unavailable on this device.\n"
time="2021-07-03T14:25:46+10:00" level=info msg="! downloading episode https://youtube.com/watch?v=8W7T-qjIAe4" episode_id=8W7T-qjIAe4 index=1
time="2021-07-03T14:26:21+10:00" level=info msg="running podsync" commit=none date=unknown version=dev
time="2021-07-03T14:26:22+10:00" level=info msg="using youtube-dl 2021.04.07\n"
time="2021-07-03T14:26:22+10:00" level=info msg="found ffmpeg: ffmpeg version 4.3.2-0+deb11u1ubuntu1 Copyright (c) 2000-2021 the FFmpeg developers\nbuilt with gcc 10 (Ubuntu 10.2.1-20ubuntu1)\nconfiguration: --prefix=/usr --extra-version=0+deb11u1ubuntu1 --toolchain=hardened --libdir=/usr/lib/x86_64-linux-gnu --incdir=/usr/include/x86_64-linux-gnu --arch=amd64 --enable-gpl --disable-stripping --enable-avresample --disable-filter=resample --enable-gnutls --enable-ladspa --enable-libaom --enable-libass --enable-libbluray --enable-libbs2b --enable-libcaca --enable-libcdio --enable-libcodec2 --enable-libdav1d --enable-libflite --enable-libfontconfig --enable-libfreetype --enable-libfribidi --enable-libgme --enable-libgsm --enable-libjack --enable-libmp3lame --enable-libmysofa --enable-libopenjpeg --enable-libopenmpt --enable-libopus --enable-libpulse --enable-librabbitmq --enable-librsvg --enable-librubberband --enable-libshine --enable-libsnappy --enable-libsoxr --enable-libspeex --enable-libsrt --enable-libssh --enable-libtheora --enable-libtwolame --enable-libvidstab --enable-libvorbis --enable-libvpx --enable-libwavpack --enable-libwebp --enable-libx265 --enable-libxml2 --enable-libxvid --enable-libzmq --enable-libzvbi --enable-lv2 --enable-omx --enable-openal --enable-opencl --enable-opengl --enable-sdl2 --enable-pocketsphinx --enable-libmfx --enable-libdc1394 --enable-libdrm --enable-libiec61883 --enable-nvenc --enable-chromaprint --enable-frei0r --enable-libx264 --enable-shared\nlibavutil      56. 51.100 / 56. 51.100\nlibavcodec     58. 91.100 / 58. 91.100\nlibavformat    58. 45.100 / 58. 45.100\nlibavdevice    58. 10.100 / 58. 10.100\nlibavfilter     7. 85.100 /  7. 85.100\nlibavresample   4.  0.  0 /  4.  0.  0\nlibswscale      5.  7.100 /  5.  7.100\nlibswresample   3.  7.100 /  3.  7.100\nlibpostproc    55.  7.100 / 55.  7.100\n"
time="2021-07-03T14:26:22+10:00" level=info msg="opening database \"/home/benjamin_saljooghi/podracing/podsync/db\""
time="2021-07-03T14:26:22+10:00" level=info msg="All 0 tables opened in 0s\n"
time="2021-07-03T14:26:22+10:00" level=info msg="Replaying file id: 0 at offset: 0\n"
time="2021-07-03T14:26:22+10:00" level=info msg="Replay took: 171.972µs\n"
time="2021-07-03T14:26:22+10:00" level=info msg="running listener at :8080"
time="2021-07-03T14:26:22+10:00" level=info msg="-> updating https://www.youtube.com/playlist?list=PL-GhKI5u60wjw-oXhGFEeNfO5w9gb3Yuq" feed_id=sermons format=audio quality=high
time="2021-07-03T14:29:12+10:00" level=info msg="running podsync" commit=none date=unknown version=dev
time="2021-07-03T14:29:12+10:00" level=info msg="using youtube-dl 2021.04.07\n"
time="2021-07-03T14:29:12+10:00" level=info msg="found ffmpeg: ffmpeg version 4.3.2-0+deb11u1ubuntu1 Copyright (c) 2000-2021 the FFmpeg developers\nbuilt with gcc 10 (Ubuntu 10.2.1-20ubuntu1)\nconfiguration: --prefix=/usr --extra-version=0+deb11u1ubuntu1 --toolchain=hardened --libdir=/usr/lib/x86_64-linux-gnu --incdir=/usr/include/x86_64-linux-gnu --arch=amd64 --enable-gpl --disable-stripping --enable-avresample --disable-filter=resample --enable-gnutls --enable-ladspa --enable-libaom --enable-libass --enable-libbluray --enable-libbs2b --enable-libcaca --enable-libcdio --enable-libcodec2 --enable-libdav1d --enable-libflite --enable-libfontconfig --enable-libfreetype --enable-libfribidi --enable-libgme --enable-libgsm --enable-libjack --enable-libmp3lame --enable-libmysofa --enable-libopenjpeg --enable-libopenmpt --enable-libopus --enable-libpulse --enable-librabbitmq --enable-librsvg --enable-librubberband --enable-libshine --enable-libsnappy --enable-libsoxr --enable-libspeex --enable-libsrt --enable-libssh --enable-libtheora --enable-libtwolame --enable-libvidstab --enable-libvorbis --enable-libvpx --enable-libwavpack --enable-libwebp --enable-libx265 --enable-libxml2 --enable-libxvid --enable-libzmq --enable-libzvbi --enable-lv2 --enable-omx --enable-openal --enable-opencl --enable-opengl --enable-sdl2 --enable-pocketsphinx --enable-libmfx --enable-libdc1394 --enable-libdrm --enable-libiec61883 --enable-nvenc --enable-chromaprint --enable-frei0r --enable-libx264 --enable-shared\nlibavutil      56. 51.100 / 56. 51.100\nlibavcodec     58. 91.100 / 58. 91.100\nlibavformat    58. 45.100 / 58. 45.100\nlibavdevice    58. 10.100 / 58. 10.100\nlibavfilter     7. 85.100 /  7. 85.100\nlibavresample   4.  0.  0 /  4.  0.  0\nlibswscale      5.  7.100 /  5.  7.100\nlibswresample   3.  7.100 /  3.  7.100\nlibpostproc    55.  7.100 / 55.  7.100\n"
time="2021-07-03T14:29:12+10:00" level=info msg="opening database \"/home/benjamin_saljooghi/podracing/podsync/db\""
time="2021-07-03T14:29:12+10:00" level=info msg="All 0 tables opened in 0s\n"
time="2021-07-03T14:29:12+10:00" level=info msg="Replaying file id: 0 at offset: 0\n"
time="2021-07-03T14:29:12+10:00" level=info msg="Replay took: 104.076µs\n"
time="2021-07-03T14:29:12+10:00" level=info msg="running listener at :8080"
time="2021-07-03T14:29:12+10:00" level=info msg="-> updating https://www.youtube.com/playlist?list=PL-GhKI5u60wjw-oXhGFEeNfO5w9gb3Yuq" feed_id=sermons format=audio quality=high
time="2021-07-03T14:36:17+10:00" level=info msg="running podsync" commit=none date=unknown version=dev
time="2021-07-03T14:36:17+10:00" level=info msg="using youtube-dl 2021.04.07\n"
time="2021-07-03T14:36:17+10:00" level=info msg="found ffmpeg: ffmpeg version 4.3.2-0+deb11u1ubuntu1 Copyright (c) 2000-2021 the FFmpeg developers\nbuilt with gcc 10 (Ubuntu 10.2.1-20ubuntu1)\nconfiguration: --prefix=/usr --extra-version=0+deb11u1ubuntu1 --toolchain=hardened --libdir=/usr/lib/x86_64-linux-gnu --incdir=/usr/include/x86_64-linux-gnu --arch=amd64 --enable-gpl --disable-stripping --enable-avresample --disable-filter=resample --enable-gnutls --enable-ladspa --enable-libaom --enable-libass --enable-libbluray --enable-libbs2b --enable-libcaca --enable-libcdio --enable-libcodec2 --enable-libdav1d --enable-libflite --enable-libfontconfig --enable-libfreetype --enable-libfribidi --enable-libgme --enable-libgsm --enable-libjack --enable-libmp3lame --enable-libmysofa --enable-libopenjpeg --enable-libopenmpt --enable-libopus --enable-libpulse --enable-librabbitmq --enable-librsvg --enable-librubberband --enable-libshine --enable-libsnappy --enable-libsoxr --enable-libspeex --enable-libsrt --enable-libssh --enable-libtheora --enable-libtwolame --enable-libvidstab --enable-libvorbis --enable-libvpx --enable-libwavpack --enable-libwebp --enable-libx265 --enable-libxml2 --enable-libxvid --enable-libzmq --enable-libzvbi --enable-lv2 --enable-omx --enable-openal --enable-opencl --enable-opengl --enable-sdl2 --enable-pocketsphinx --enable-libmfx --enable-libdc1394 --enable-libdrm --enable-libiec61883 --enable-nvenc --enable-chromaprint --enable-frei0r --enable-libx264 --enable-shared\nlibavutil      56. 51.100 / 56. 51.100\nlibavcodec     58. 91.100 / 58. 91.100\nlibavformat    58. 45.100 / 58. 45.100\nlibavdevice    58. 10.100 / 58. 10.100\nlibavfilter     7. 85.100 /  7. 85.100\nlibavresample   4.  0.  0 /  4.  0.  0\nlibswscale      5.  7.100 /  5.  7.100\nlibswresample   3.  7.100 /  3.  7.100\nlibpostproc    55.  7.100 / 55.  7.100\n"
time="2021-07-03T14:36:17+10:00" level=info msg="opening database \"/home/benjamin_saljooghi/podracing/podsync/db\""
time="2021-07-03T14:36:17+10:00" level=info msg="All 0 tables opened in 0s\n"
time="2021-07-03T14:36:17+10:00" level=info msg="Replaying file id: 0 at offset: 0\n"
time="2021-07-03T14:36:17+10:00" level=info msg="Replay took: 163.709µs\n"
time="2021-07-03T14:36:17+10:00" level=info msg="running listener at :8080"
time="2021-07-03T14:36:17+10:00" level=info msg="-> updating https://www.youtube.com/playlist?list=PL-GhKI5u60wjw-oXhGFEeNfO5w9gb3Yuq" feed_id=sermons format=audio quality=high
time="2021-07-03T14:39:48+10:00" level=info msg="running podsync" commit=none date=unknown version=dev
time="2021-07-03T14:39:49+10:00" level=info msg="using youtube-dl 2021.04.07\n"
time="2021-07-03T14:39:49+10:00" level=info msg="found ffmpeg: ffmpeg version 4.3.2-0+deb11u1ubuntu1 Copyright (c) 2000-2021 the FFmpeg developers\nbuilt with gcc 10 (Ubuntu 10.2.1-20ubuntu1)\nconfiguration: --prefix=/usr --extra-version=0+deb11u1ubuntu1 --toolchain=hardened --libdir=/usr/lib/x86_64-linux-gnu --incdir=/usr/include/x86_64-linux-gnu --arch=amd64 --enable-gpl --disable-stripping --enable-avresample --disable-filter=resample --enable-gnutls --enable-ladspa --enable-libaom --enable-libass --enable-libbluray --enable-libbs2b --enable-libcaca --enable-libcdio --enable-libcodec2 --enable-libdav1d --enable-libflite --enable-libfontconfig --enable-libfreetype --enable-libfribidi --enable-libgme --enable-libgsm --enable-libjack --enable-libmp3lame --enable-libmysofa --enable-libopenjpeg --enable-libopenmpt --enable-libopus --enable-libpulse --enable-librabbitmq --enable-librsvg --enable-librubberband --enable-libshine --enable-libsnappy --enable-libsoxr --enable-libspeex --enable-libsrt --enable-libssh --enable-libtheora --enable-libtwolame --enable-libvidstab --enable-libvorbis --enable-libvpx --enable-libwavpack --enable-libwebp --enable-libx265 --enable-libxml2 --enable-libxvid --enable-libzmq --enable-libzvbi --enable-lv2 --enable-omx --enable-openal --enable-opencl --enable-opengl --enable-sdl2 --enable-pocketsphinx --enable-libmfx --enable-libdc1394 --enable-libdrm --enable-libiec61883 --enable-nvenc --enable-chromaprint --enable-frei0r --enable-libx264 --enable-shared\nlibavutil      56. 51.100 / 56. 51.100\nlibavcodec     58. 91.100 / 58. 91.100\nlibavformat    58. 45.100 / 58. 45.100\nlibavdevice    58. 10.100 / 58. 10.100\nlibavfilter     7. 85.100 /  7. 85.100\nlibavresample   4.  0.  0 /  4.  0.  0\nlibswscale      5.  7.100 /  5.  7.100\nlibswresample   3.  7.100 /  3.  7.100\nlibpostproc    55.  7.100 / 55.  7.100\n"
time="2021-07-03T14:39:49+10:00" level=info msg="opening database \"/home/benjamin_saljooghi/podracing/podsync/db\""
time="2021-07-03T14:39:49+10:00" level=info msg="All 0 tables opened in 0s\n"
time="2021-07-03T14:39:49+10:00" level=info msg="Replaying file id: 0 at offset: 0\n"
time="2021-07-03T14:39:49+10:00" level=info msg="Replay took: 168.049µs\n"
time="2021-07-03T14:39:49+10:00" level=info msg="running listener at :8080"
time="2021-07-03T14:39:49+10:00" level=info msg="-> updating https://www.youtube.com/playlist?list=PL-GhKI5u60wjw-oXhGFEeNfO5w9gb3Yuq" feed_id=sermons format=audio quality=high
